2018/07/21 15:08:56.235 [I] [asm_amd64.s:2337] http server Running on http://:8282
2018/07/21 15:09:11.820 [D] [server.go:2619] ::1 - - [21/Jul/2018 03:09:11] "GET / HTTP/1.1 200 0" 0.118203  Mozilla/5.0 (Windows NT 10.0; Win64; x64) AppleWebKit/537.36 (KHTML, like Gecko) Chrome/67.0.3396.99 Safari/537.36

2018/07/21 15:09:11.855 [D] [server.go:2619] ::1 - - [21/Jul/2018 03:09:11] "GET /static/font-awesome/css/font-awesome.min.css HTTP/1.1 200 0" 0.000000 http://localhost:8282/ Mozilla/5.0 (Windows NT 10.0; Win64; x64) AppleWebKit/537.36 (KHTML, like Gecko) Chrome/67.0.3396.99 Safari/537.36

2018/07/21 15:09:11.866 [D] [server.go:2619] ::1 - - [21/Jul/2018 03:09:11] "GET /static/css/main.css HTTP/1.1 200 0" 0.000976 http://localhost:8282/ Mozilla/5.0 (Windows NT 10.0; Win64; x64) AppleWebKit/537.36 (KHTML, like Gecko) Chrome/67.0.3396.99 Safari/537.36

2018/07/21 15:09:11.866 [D] [server.go:2619] ::1 - - [21/Jul/2018 03:09:11] "GET /static/bootstrap/css/bootstrap.min.css HTTP/1.1 200 0" 0.006831 http://localhost:8282/ Mozilla/5.0 (Windows NT 10.0; Win64; x64) AppleWebKit/537.36 (KHTML, like Gecko) Chrome/67.0.3396.99 Safari/537.36

2018/07/21 15:09:11.871 [D] [server.go:2619] ::1 - - [21/Jul/2018 03:09:11] "GET /uploads/201802/avatar_151190660efa01b0_small.png HTTP/1.1 200 0" 0.004882 http://localhost:8282/ Mozilla/5.0 (Windows NT 10.0; Win64; x64) AppleWebKit/537.36 (KHTML, like Gecko) Chrome/67.0.3396.99 Safari/537.36

2018/07/21 15:09:11.877 [D] [server.go:2619] ::1 - - [21/Jul/2018 03:09:11] "GET /uploads/201802/cover_1511f95674fa8e68_small.jpg HTTP/1.1 200 0" 0.000975 http://localhost:8282/ Mozilla/5.0 (Windows NT 10.0; Win64; x64) AppleWebKit/537.36 (KHTML, like Gecko) Chrome/67.0.3396.99 Safari/537.36

2018/07/21 15:09:11.963 [D] [server.go:2619] ::1 - - [21/Jul/2018 03:09:11] "GET /static/jquery/1.12.4/jquery.min.js HTTP/1.1 200 0" 0.007808 http://localhost:8282/ Mozilla/5.0 (Windows NT 10.0; Win64; x64) AppleWebKit/537.36 (KHTML, like Gecko) Chrome/67.0.3396.99 Safari/537.36

2018/07/21 15:09:11.967 [D] [server.go:2619] ::1 - - [21/Jul/2018 03:09:11] "GET /uploads/201802/cover_1511e5d3c3d1b1b0_small.jpg HTTP/1.1 200 0" 0.000976 http://localhost:8282/ Mozilla/5.0 (Windows NT 10.0; Win64; x64) AppleWebKit/537.36 (KHTML, like Gecko) Chrome/67.0.3396.99 Safari/537.36

2018/07/21 15:09:11.968 [D] [server.go:2619] ::1 - - [21/Jul/2018 03:09:11] "GET /uploads/201802/cover_1511f768300017b4_small.jpg HTTP/1.1 200 0" 0.000978 http://localhost:8282/ Mozilla/5.0 (Windows NT 10.0; Win64; x64) AppleWebKit/537.36 (KHTML, like Gecko) Chrome/67.0.3396.99 Safari/537.36

2018/07/21 15:09:11.969 [D] [server.go:2619] ::1 - - [21/Jul/2018 03:09:11] "GET /uploads/201802/cover_1511f54461fa690c_small.jpg HTTP/1.1 200 0" 0.000974 http://localhost:8282/ Mozilla/5.0 (Windows NT 10.0; Win64; x64) AppleWebKit/537.36 (KHTML, like Gecko) Chrome/67.0.3396.99 Safari/537.36

2018/07/21 15:09:11.970 [D] [server.go:2619] ::1 - - [21/Jul/2018 03:09:11] "GET /uploads/201803/cover_15180d8912e3fb2c_small.jpg HTTP/1.1 200 0" 0.006832 http://localhost:8282/ Mozilla/5.0 (Windows NT 10.0; Win64; x64) AppleWebKit/537.36 (KHTML, like Gecko) Chrome/67.0.3396.99 Safari/537.36

2018/07/21 15:09:11.971 [D] [server.go:2619] ::1 - - [21/Jul/2018 03:09:11] "GET /static/bootstrap/js/bootstrap.min.js HTTP/1.1 200 0" 0.003904 http://localhost:8282/ Mozilla/5.0 (Windows NT 10.0; Win64; x64) AppleWebKit/537.36 (KHTML, like Gecko) Chrome/67.0.3396.99 Safari/537.36

2018/07/21 15:09:11.980 [D] [server.go:2619] ::1 - - [21/Jul/2018 03:09:11] "GET /uploads/201803/cover_151ec5c513eceb14_small.jpg HTTP/1.1 200 0" 0.007808 http://localhost:8282/ Mozilla/5.0 (Windows NT 10.0; Win64; x64) AppleWebKit/537.36 (KHTML, like Gecko) Chrome/67.0.3396.99 Safari/537.36

2018/07/21 15:09:12.043 [D] [server.go:2619] ::1 - - [21/Jul/2018 03:09:12] "GET /static/font-awesome/fonts/fontawesome-webfont.woff2?v=4.7.0 HTTP/1.1 200 0" 0.020499 http://localhost:8282/static/font-awesome/css/font-awesome.min.css Mozilla/5.0 (Windows NT 10.0; Win64; x64) AppleWebKit/537.36 (KHTML, like Gecko) Chrome/67.0.3396.99 Safari/537.36

2018/07/21 15:09:12.473 [D] [server.go:2619] ::1 - - [21/Jul/2018 03:09:12] "GET /static/images/favicon.ico HTTP/1.1 200 0" 0.004880 http://localhost:8282/ Mozilla/5.0 (Windows NT 10.0; Win64; x64) AppleWebKit/537.36 (KHTML, like Gecko) Chrome/67.0.3396.99 Safari/537.36

2018/07/21 15:11:33.263 [D] [server.go:2619] ::1 - - [21/Jul/2018 03:11:33] "GET / HTTP/1.1 200 0" 0.020513  Mozilla/5.0 (Windows NT 10.0; Win64; x64) AppleWebKit/537.36 (KHTML, like Gecko) Chrome/67.0.3396.99 Safari/537.36

2018/07/21 15:11:33.423 [D] [server.go:2619] ::1 - - [21/Jul/2018 03:11:33] "GET /static/images/favicon.ico HTTP/1.1 200 0" 0.000976 http://localhost:8282/ Mozilla/5.0 (Windows NT 10.0; Win64; x64) AppleWebKit/537.36 (KHTML, like Gecko) Chrome/67.0.3396.99 Safari/537.36

2018/07/21 15:11:45.714 [D] [server.go:2619] ::1 - - [21/Jul/2018 03:11:45] "GET /search?keyword=wiki HTTP/1.1 200 0" 0.342780 http://localhost:8282/ Mozilla/5.0 (Windows NT 10.0; Win64; x64) AppleWebKit/537.36 (KHTML, like Gecko) Chrome/67.0.3396.99 Safari/537.36

2018/07/21 15:11:57.355 [D] [server.go:2619] ::1 - - [21/Jul/2018 03:11:57] "GET /docs/schedules/notes_qingwuwiki HTTP/1.1 200 0" 0.104538 http://localhost:8282/search?keyword=wiki Mozilla/5.0 (Windows NT 10.0; Win64; x64) AppleWebKit/537.36 (KHTML, like Gecko) Chrome/67.0.3396.99 Safari/537.36

2018/07/21 15:11:57.395 [D] [server.go:2619] ::1 - - [21/Jul/2018 03:11:57] "GET /static/prettify/themes/prettify.css HTTP/1.1 200 0" 0.000000 http://localhost:8282/docs/schedules/notes_qingwuwiki Mozilla/5.0 (Windows NT 10.0; Win64; x64) AppleWebKit/537.36 (KHTML, like Gecko) Chrome/67.0.3396.99 Safari/537.36

2018/07/21 15:11:57.408 [D] [server.go:2619] ::1 - - [21/Jul/2018 03:11:57] "GET /static/editor.md/css/editormd.preview.css HTTP/1.1 200 0" 0.009759 http://localhost:8282/docs/schedules/notes_qingwuwiki Mozilla/5.0 (Windows NT 10.0; Win64; x64) AppleWebKit/537.36 (KHTML, like Gecko) Chrome/67.0.3396.99 Safari/537.36

2018/07/21 15:11:57.409 [D] [server.go:2619] ::1 - - [21/Jul/2018 03:11:57] "GET /static/css/jstree.css HTTP/1.1 200 0" 0.000976 http://localhost:8282/docs/schedules/notes_qingwuwiki Mozilla/5.0 (Windows NT 10.0; Win64; x64) AppleWebKit/537.36 (KHTML, like Gecko) Chrome/67.0.3396.99 Safari/537.36

2018/07/21 15:11:57.411 [D] [server.go:2619] ::1 - - [21/Jul/2018 03:11:57] "GET /static/css/kancloud.css HTTP/1.1 200 0" 0.000976 http://localhost:8282/docs/schedules/notes_qingwuwiki Mozilla/5.0 (Windows NT 10.0; Win64; x64) AppleWebKit/537.36 (KHTML, like Gecko) Chrome/67.0.3396.99 Safari/537.36

2018/07/21 15:11:57.414 [D] [server.go:2619] ::1 - - [21/Jul/2018 03:11:57] "GET /static/nprogress/nprogress.css HTTP/1.1 200 0" 0.001952 http://localhost:8282/docs/schedules/notes_qingwuwiki Mozilla/5.0 (Windows NT 10.0; Win64; x64) AppleWebKit/537.36 (KHTML, like Gecko) Chrome/67.0.3396.99 Safari/537.36

2018/07/21 15:11:57.421 [D] [server.go:2619] ::1 - - [21/Jul/2018 03:11:57] "GET /static/jstree/3.3.4/themes/default/style.min.css HTTP/1.1 200 0" 0.004880 http://localhost:8282/docs/schedules/notes_qingwuwiki Mozilla/5.0 (Windows NT 10.0; Win64; x64) AppleWebKit/537.36 (KHTML, like Gecko) Chrome/67.0.3396.99 Safari/537.36

2018/07/21 15:11:57.441 [D] [server.go:2619] ::1 - - [21/Jul/2018 03:11:57] "GET /static/css/markdown.preview.css HTTP/1.1 200 0" 0.000000 http://localhost:8282/docs/schedules/notes_qingwuwiki Mozilla/5.0 (Windows NT 10.0; Win64; x64) AppleWebKit/537.36 (KHTML, like Gecko) Chrome/67.0.3396.99 Safari/537.36

2018/07/21 15:11:57.443 [D] [server.go:2619] ::1 - - [21/Jul/2018 03:11:57] "GET /static/layer/layer.js HTTP/1.1 200 0" 0.001953 http://localhost:8282/docs/schedules/notes_qingwuwiki Mozilla/5.0 (Windows NT 10.0; Win64; x64) AppleWebKit/537.36 (KHTML, like Gecko) Chrome/67.0.3396.99 Safari/537.36

2018/07/21 15:11:57.455 [D] [server.go:2619] ::1 - - [21/Jul/2018 03:11:57] "GET /static/js/jquery.form.js HTTP/1.1 200 0" 0.011712 http://localhost:8282/docs/schedules/notes_qingwuwiki Mozilla/5.0 (Windows NT 10.0; Win64; x64) AppleWebKit/537.36 (KHTML, like Gecko) Chrome/67.0.3396.99 Safari/537.36

2018/07/21 15:11:57.455 [D] [server.go:2619] ::1 - - [21/Jul/2018 03:11:57] "GET /static/katex/katex.min.css HTTP/1.1 200 0" 0.030249 http://localhost:8282/docs/schedules/notes_qingwuwiki Mozilla/5.0 (Windows NT 10.0; Win64; x64) AppleWebKit/537.36 (KHTML, like Gecko) Chrome/67.0.3396.99 Safari/537.36

2018/07/21 15:11:57.456 [D] [server.go:2619] ::1 - - [21/Jul/2018 03:11:57] "GET /static/nprogress/nprogress.js HTTP/1.1 200 0" 0.002927 http://localhost:8282/docs/schedules/notes_qingwuwiki Mozilla/5.0 (Windows NT 10.0; Win64; x64) AppleWebKit/537.36 (KHTML, like Gecko) Chrome/67.0.3396.99 Safari/537.36

2018/07/21 15:11:57.456 [D] [server.go:2619] ::1 - - [21/Jul/2018 03:11:57] "GET /static/highlight/styles/vs.css HTTP/1.1 200 0" 0.031225 http://localhost:8282/docs/schedules/notes_qingwuwiki Mozilla/5.0 (Windows NT 10.0; Win64; x64) AppleWebKit/537.36 (KHTML, like Gecko) Chrome/67.0.3396.99 Safari/537.36

2018/07/21 15:11:57.456 [D] [server.go:2619] ::1 - - [21/Jul/2018 03:11:57] "GET /static/highlight/highlight.js HTTP/1.1 200 0" 0.000976 http://localhost:8282/docs/schedules/notes_qingwuwiki Mozilla/5.0 (Windows NT 10.0; Win64; x64) AppleWebKit/537.36 (KHTML, like Gecko) Chrome/67.0.3396.99 Safari/537.36

2018/07/21 15:11:57.458 [D] [server.go:2619] ::1 - - [21/Jul/2018 03:11:57] "GET /static/jstree/3.3.4/jstree.min.js HTTP/1.1 200 0" 0.013663 http://localhost:8282/docs/schedules/notes_qingwuwiki Mozilla/5.0 (Windows NT 10.0; Win64; x64) AppleWebKit/537.36 (KHTML, like Gecko) Chrome/67.0.3396.99 Safari/537.36

2018/07/21 15:11:57.474 [D] [server.go:2619] ::1 - - [21/Jul/2018 03:11:57] "GET /static/js/splitbar.js HTTP/1.1 200 0" 0.000000 http://localhost:8282/docs/schedules/notes_qingwuwiki Mozilla/5.0 (Windows NT 10.0; Win64; x64) AppleWebKit/537.36 (KHTML, like Gecko) Chrome/67.0.3396.99 Safari/537.36

2018/07/21 15:11:57.475 [D] [server.go:2619] ::1 - - [21/Jul/2018 03:11:57] "GET /static/js/kancloud.js HTTP/1.1 200 0" 0.000000 http://localhost:8282/docs/schedules/notes_qingwuwiki Mozilla/5.0 (Windows NT 10.0; Win64; x64) AppleWebKit/537.36 (KHTML, like Gecko) Chrome/67.0.3396.99 Safari/537.36

2018/07/21 15:11:57.475 [D] [server.go:2619] ::1 - - [21/Jul/2018 03:11:57] "GET /static/js/jquery.highlight.js HTTP/1.1 200 0" 0.000000 http://localhost:8282/docs/schedules/notes_qingwuwiki Mozilla/5.0 (Windows NT 10.0; Win64; x64) AppleWebKit/537.36 (KHTML, like Gecko) Chrome/67.0.3396.99 Safari/537.36

2018/07/21 15:11:57.475 [D] [server.go:2619] ::1 - - [21/Jul/2018 03:11:57] "GET /static/highlight/highlightjs-line-numbers.min.js HTTP/1.1 200 0" 0.000000 http://localhost:8282/docs/schedules/notes_qingwuwiki Mozilla/5.0 (Windows NT 10.0; Win64; x64) AppleWebKit/537.36 (KHTML, like Gecko) Chrome/67.0.3396.99 Safari/537.36

2018/07/21 15:11:57.518 [D] [server.go:2619] ::1 - - [21/Jul/2018 03:11:57] "GET /qrcode/schedules.png HTTP/1.1 200 0" 0.046849 http://localhost:8282/docs/schedules/notes_qingwuwiki Mozilla/5.0 (Windows NT 10.0; Win64; x64) AppleWebKit/537.36 (KHTML, like Gecko) Chrome/67.0.3396.99 Safari/537.36

2018/07/21 15:11:57.535 [D] [server.go:2619] ::1 - - [21/Jul/2018 03:11:57] "GET /static/layer/skin/default/layer.css?v=3.0.3303 HTTP/1.1 200 0" 0.002255 http://localhost:8282/docs/schedules/notes_qingwuwiki Mozilla/5.0 (Windows NT 10.0; Win64; x64) AppleWebKit/537.36 (KHTML, like Gecko) Chrome/67.0.3396.99 Safari/537.36

2018/07/21 15:11:57.565 [D] [server.go:2619] ::1 - - [21/Jul/2018 03:11:57] "GET /static/editor.md/fonts/fontawesome-webfont.woff2?v=4.3.0 HTTP/1.1 200 0" 0.010735 http://localhost:8282/static/editor.md/css/editormd.preview.css Mozilla/5.0 (Windows NT 10.0; Win64; x64) AppleWebKit/537.36 (KHTML, like Gecko) Chrome/67.0.3396.99 Safari/537.36

2018/07/21 15:11:57.715 [D] [server.go:2619] ::1 - - [21/Jul/2018 03:11:57] "GET /static/jstree/3.3.4/themes/default/throbber.gif HTTP/1.1 200 0" 0.000976 http://localhost:8282/static/jstree/3.3.4/themes/default/style.min.css Mozilla/5.0 (Windows NT 10.0; Win64; x64) AppleWebKit/537.36 (KHTML, like Gecko) Chrome/67.0.3396.99 Safari/537.36

2018/07/21 15:11:57.715 [D] [server.go:2619] ::1 - - [21/Jul/2018 03:11:57] "GET /static/jstree/3.3.4/themes/default/32px.png HTTP/1.1 200 0" 0.000000 http://localhost:8282/static/jstree/3.3.4/themes/default/style.min.css Mozilla/5.0 (Windows NT 10.0; Win64; x64) AppleWebKit/537.36 (KHTML, like Gecko) Chrome/67.0.3396.99 Safari/537.36

2018/07/21 15:12:22.860 [I] [document.go:197] 从缓存中获取文档信息成功 8305 notes_qingwuwiki_update 
